2022-04-30 13:09:08.878  INFO 2676 --- [main] c.p.s.SampleprojectApplication           : Starting SampleprojectApplication using Java 18 on LAPTOP-5RBCTJIP with PID 2676 (C:\Users\MAHEN\Desktop\Spring Boot\sampleproject\target\classes started by MAHEN in C:\Users\MAHEN\Desktop\Spring Boot\sampleproject)
2022-04-30 13:09:08.882  INFO 2676 --- [main] c.p.s.SampleprojectApplication           : No active profile set, falling back to 1 default profile: "default"
2022-04-30 13:09:09.813  INFO 2676 --- [main] .s.d.r.c.RepositoryConfigurationDelegate : Bootstrapping Spring Data JPA repositories in DEFAULT mode.
2022-04-30 13:09:09.897  INFO 2676 --- [main] .s.d.r.c.RepositoryConfigurationDelegate : Finished Spring Data repository scanning in 69 ms. Found 1 JPA repository interfaces.
2022-04-30 13:09:10.808  INFO 2676 --- [main] o.s.b.w.embedded.tomcat.TomcatWebServer  : Tomcat initialized with port(s): 8080 (http)
2022-04-30 13:09:10.823  INFO 2676 --- [main] o.apache.catalina.core.StandardService   : Starting service [Tomcat]
2022-04-30 13:09:10.824  INFO 2676 --- [main] org.apache.catalina.core.StandardEngine  : Starting Servlet engine: [Apache Tomcat/9.0.60]
2022-04-30 13:09:11.086  INFO 2676 --- [main] o.a.c.c.C.[Tomcat].[localhost].[/]       : Initializing Spring embedded WebApplicationContext
2022-04-30 13:09:11.086  INFO 2676 --- [main] w.s.c.ServletWebServerApplicationContext : Root WebApplicationContext: initialization completed in 2138 ms
2022-04-30 13:09:11.351  INFO 2676 --- [main] o.hibernate.jpa.internal.util.LogHelper  : HHH000204: Processing PersistenceUnitInfo [name: default]
2022-04-30 13:09:11.445  INFO 2676 --- [main] org.hibernate.Version                    : HHH000412: Hibernate ORM core version 5.6.7.Final
2022-04-30 13:09:11.717  INFO 2676 --- [main] o.hibernate.annotations.common.Version   : HCANN000001: Hibernate Commons Annotations {5.1.2.Final}
2022-04-30 13:09:11.856  INFO 2676 --- [main] com.zaxxer.hikari.HikariDataSource       : HikariPool-1 - Starting...
2022-04-30 13:09:12.118  INFO 2676 --- [main] com.zaxxer.hikari.HikariDataSource       : HikariPool-1 - Start completed.
2022-04-30 13:09:12.143  INFO 2676 --- [main] org.hibernate.dialect.Dialect            : HHH000400: Using dialect: org.hibernate.dialect.PostgreSQL81Dialect
2022-04-30 13:09:12.969  INFO 2676 --- [main] o.h.e.t.j.p.i.JtaPlatformInitiator       : HHH000490: Using JtaPlatform implementation: [org.hibernate.engine.transaction.jta.platform.internal.NoJtaPlatform]
2022-04-30 13:09:12.983  INFO 2676 --- [main] j.LocalContainerEntityManagerFactoryBean : Initialized JPA EntityManagerFactory for persistence unit 'default'
2022-04-30 13:09:13.408  WARN 2676 --- [main] JpaBaseConfiguration$JpaWebConfiguration : spring.jpa.open-in-view is enabled by default. Therefore, database queries may be performed during view rendering. Explicitly configure spring.jpa.open-in-view to disable this warning
2022-04-30 13:09:13.860  INFO 2676 --- [main] o.s.b.w.embedded.tomcat.TomcatWebServer  : Tomcat started on port(s): 8080 (http) with context path ''
2022-04-30 13:09:13.874  INFO 2676 --- [main] c.p.s.SampleprojectApplication           : Started SampleprojectApplication in 5.599 seconds (JVM running for 6.342)
2022-04-30 13:09:33.964  INFO 2676 --- [SpringApplicationShutdownHook] j.LocalContainerEntityManagerFactoryBean : Closing JPA EntityManagerFactory for persistence unit 'default'
2022-04-30 13:09:33.966  INFO 2676 --- [SpringApplicationShutdownHook] com.zaxxer.hikari.HikariDataSource       : HikariPool-1 - Shutdown initiated...
2022-04-30 13:09:33.979  INFO 2676 --- [SpringApplicationShutdownHook] com.zaxxer.hikari.HikariDataSource       : HikariPool-1 - Shutdown completed.
